<?xml version="1.0" encoding="UTF-8"?>
<testsuite xmlns:xsi="http://www.w3.org/2001/XMLSchema-instance" xsi:noNamespaceSchemaLocation="https://maven.apache.org/surefire/maven-surefire-plugin/xsd/surefire-test-report-3.0.xsd" version="3.0" name="bookcarupdate.bookcar.BookcarApplicationTests" time="19.105" tests="1" errors="0" skipped="0" failures="0">
  <properties>
[...]
</properties>
  <testcase name="contextLoads" classname="bookcarupdate.bookcar.BookcarApplicationTests" time="1.734">
    <system-out><![CDATA[09:17:28.588 [main] INFO org.springframework.test.context.support.AnnotationConfigContextLoaderUtils -- Could not detect default configuration classes for test class [bookcarupdate.bookcar.BookcarApplicationTests]: BookcarApplicationTests does not declare any static, non-private, non-final, nested classes annotated with @Configuration.
09:17:28.805 [main] INFO org.springframework.boot.test.context.SpringBootTestContextBootstrapper -- Found @SpringBootConfiguration bookcarupdate.bookcar.BookcarApplication for test class bookcarupdate.bookcar.BookcarApplicationTests

  .   ____          _            __ _ _
 /\\ / ___'_ __ _ _(_)_ __  __ _ \ \ \ \
( ( )\___ | '_ | '_| | '_ \/ _` | \ \ \ \
 \\/  ___)| |_)| | | | | || (_| |  ) ) ) )
  '  |____| .__|_| |_|_| |_\__, | / / / /
 =========|_|==============|___/=/_/_/_/
 :: Spring Boot ::                (v3.2.3)

2024-04-05T09:17:29.894+07:00  INFO 1568 --- [           main] b.bookcar.BookcarApplicationTests        : Starting BookcarApplicationTests using Java 17.0.9 with PID 1568 (started by Thinkpad in D:\Downloads\bookcar\bookcar-backend)
2024-04-05T09:17:29.900+07:00  INFO 1568 --- [           main] b.bookcar.BookcarApplicationTests        : No active profile set, falling back to 1 default profile: "default"
2024-04-05T09:17:31.567+07:00  INFO 1568 --- [           main] .s.d.r.c.RepositoryConfigurationDelegate : Bootstrapping Spring Data JPA repositories in DEFAULT mode.
2024-04-05T09:17:31.739+07:00  INFO 1568 --- [           main] .s.d.r.c.RepositoryConfigurationDelegate : Finished Spring Data repository scanning in 152 ms. Found 7 JPA repository interfaces.
2024-04-05T09:17:32.735+07:00  INFO 1568 --- [           main] o.hibernate.jpa.internal.util.LogHelper  : HHH000204: Processing PersistenceUnitInfo [name: default]
2024-04-05T09:17:32.995+07:00  INFO 1568 --- [           main] org.hibernate.Version                    : HHH000412: Hibernate ORM core version 6.4.4.Final
2024-04-05T09:17:33.207+07:00  INFO 1568 --- [           main] o.h.c.internal.RegionFactoryInitiator    : HHH000026: Second-level cache disabled
2024-04-05T09:17:34.395+07:00  INFO 1568 --- [           main] o.s.o.j.p.SpringPersistenceUnitInfo      : No LoadTimeWeaver setup: ignoring JPA class transformer
2024-04-05T09:17:34.458+07:00  INFO 1568 --- [           main] com.zaxxer.hikari.HikariDataSource       : HikariPool-1 - Starting...
2024-04-05T09:17:35.662+07:00  INFO 1568 --- [           main] com.zaxxer.hikari.pool.HikariPool        : HikariPool-1 - Added connection com.mysql.cj.jdbc.ConnectionImpl@10b87ff6
2024-04-05T09:17:35.665+07:00  INFO 1568 --- [           main] com.zaxxer.hikari.HikariDataSource       : HikariPool-1 - Start completed.
2024-04-05T09:17:38.774+07:00  INFO 1568 --- [           main] o.h.e.t.j.p.i.JtaPlatformInitiator       : HHH000489: No JTA platform available (set 'hibernate.transaction.jta.platform' to enable JTA platform integration)
2024-04-05T09:17:40.369+07:00  INFO 1568 --- [           main] j.LocalContainerEntityManagerFactoryBean : Initialized JPA EntityManagerFactory for persistence unit 'default'
2024-04-05T09:17:42.533+07:00  INFO 1568 --- [           main] o.s.d.j.r.query.QueryEnhancerFactory     : Hibernate is in classpath; If applicable, HQL parser will be used.
2024-04-05T09:17:43.277+07:00  WARN 1568 --- [           main] JpaBaseConfiguration$JpaWebConfiguration : spring.jpa.open-in-view is enabled by default. Therefore, database queries may be performed during view rendering. Explicitly configure spring.jpa.open-in-view to disable this warning
2024-04-05T09:17:44.486+07:00  INFO 1568 --- [           main] o.s.s.web.DefaultSecurityFilterChain     : Will secure any request with [org.springframework.security.web.session.DisableEncodeUrlFilter@c680819, org.springframework.security.web.context.request.async.WebAsyncManagerIntegrationFilter@52cda4bd, org.springframework.security.web.context.SecurityContextHolderFilter@1722ede1, org.springframework.security.web.header.HeaderWriterFilter@4205d1c9, org.springframework.web.filter.CorsFilter@40aaf656, org.springframework.security.web.authentication.logout.LogoutFilter@569026df, bookcarupdate.bookcar.config.JwtAuthenticationFilter@37823482, org.springframework.security.web.savedrequest.RequestCacheAwareFilter@34f3c920, org.springframework.security.web.servletapi.SecurityContextHolderAwareRequestFilter@73f0b216, org.springframework.security.web.authentication.AnonymousAuthenticationFilter@5a183fa6, org.springframework.security.web.session.SessionManagementFilter@5d3f583d, org.springframework.security.web.access.ExceptionTranslationFilter@4cf46574, org.springframework.security.web.access.intercept.AuthorizationFilter@3f0c2eff]
2024-04-05T09:17:45.529+07:00  INFO 1568 --- [           main] b.bookcar.BookcarApplicationTests        : Started BookcarApplicationTests in 16.352 seconds (process running for 18.347)
]]></system-out>
  </testcase>
</testsuite>